#
# There is insufficient memory for the Java Runtime Environment to continue.
# Native memory allocation (malloc) failed to allocate 1048576 bytes. Error detail: AllocateHeap
# Possible reasons:
#   The system is out of physical RAM or swap space
#   This process is running with CompressedOops enabled, and the Java Heap may be blocking the growth of the native heap
# Possible solutions:
#   Reduce memory load on the system
#   Increase physical memory or swap space
#   Check if swap backing store is full
#   Decrease Java heap size (-Xmx/-Xms)
#   Decrease number of Java threads
#   Decrease Java thread stack sizes (-Xss)
#   Set larger code cache with -XX:ReservedCodeCacheSize=
#   JVM is running with Unscaled Compressed Oops mode in which the Java heap is
#     placed in the first 4GB address space. The Java Heap base address is the
#     maximum limit for the native heap growth. Please use -XX:HeapBaseMinAddress
#     to set the Java Heap base and to place the Java Heap above 4GB virtual address.
# This output file may be truncated or incomplete.
#
#  Out of Memory Error (allocation.cpp:44), pid=14720, tid=6620
#
# JRE version: OpenJDK Runtime Environment Temurin-21.0.8+9 (21.0.8+9) (build 21.0.8+9-LTS)
# Java VM: OpenJDK 64-Bit Server VM Temurin-21.0.8+9 (21.0.8+9-LTS, mixed mode, sharing, tiered, compressed oops, compressed class ptrs, parallel gc, windows-amd64)
# No core dump will be written. Minidumps are not enabled by default on client versions of Windows
#

---------------  S U M M A R Y ------------

Command Line: --add-modules=ALL-SYSTEM --add-opens=java.base/java.util=ALL-UNNAMED --add-opens=java.base/java.lang=ALL-UNNAMED --add-opens=java.base/sun.nio.fs=ALL-UNNAMED -Declipse.application=org.eclipse.jdt.ls.core.id1 -Dosgi.bundles.defaultStartLevel=4 -Declipse.product=org.eclipse.jdt.ls.core.product -Djava.import.generatesMetadataFilesAtProjectRoot=false -DDetectVMInstallationsJob.disabled=true -Dfile.encoding=utf8 -XX:+UseParallelGC -XX:GCTimeRatio=4 -XX:AdaptiveSizePolicyWeight=90 -Dsun.zip.disableMemoryMapping=true -Xmx2G -Xms100m -Xlog:disable -javaagent:c:\Users\PC\.vscode\extensions\redhat.java-1.45.0-win32-x64\lombok\lombok-1.18.39-4050.jar -XX:+HeapDumpOnOutOfMemoryError -XX:HeapDumpPath=c:\Users\PC\AppData\Roaming\Code\User\workspaceStorage\b78328b49dd4e735ccc6b2c0fd51a2ef\redhat.java -Daether.dependencyCollector.impl=bf c:\Users\PC\.vscode\extensions\redhat.java-1.45.0-win32-x64\server\plugins\org.eclipse.equinox.launcher_1.7.0.v20250519-0528.jar -configuration c:\Users\PC\AppData\Roaming\Code\User\globalStorage\redhat.java\1.45.0\config_win -data c:\Users\PC\AppData\Roaming\Code\User\workspaceStorage\b78328b49dd4e735ccc6b2c0fd51a2ef\redhat.java\jdt_ws --pipe=\\.\pipe\lsp-0caa3727356b984c4d27bc45f3a5115e-sock

Host: Intel(R) Core(TM) i7-10750H CPU @ 2.60GHz, 12 cores, 7G,  Windows 11 , 64 bit Build 26100 (10.0.26100.5074)
Time: Wed Oct  1 17:54:45 2025 SE Asia Standard Time elapsed time: 23839.097535 seconds (0d 6h 37m 19s)

---------------  T H R E A D  ---------------

Current thread (0x000001630f8166f0):  JavaThread "Attach Listener" daemon [_thread_in_vm, id=6620, stack(0x000000412ad00000,0x000000412ae00000) (1024K)]

Stack: [0x000000412ad00000,0x000000412ae00000]
Native frames: (J=compiled Java code, j=interpreted, Vv=VM code, C=native code)
V  [jvm.dll+0x6d2449]
V  [jvm.dll+0x8ae341]
V  [jvm.dll+0x8b08be]
V  [jvm.dll+0x8b0fa3]
V  [jvm.dll+0x280c96]
V  [jvm.dll+0xc0347]
V  [jvm.dll+0x6d2cf9]
V  [jvm.dll+0x131116]
V  [jvm.dll+0x3f2d16]
V  [jvm.dll+0x857e6b]
V  [jvm.dll+0x6d0b0d]
C  [ucrtbase.dll+0x37b0]
C  [KERNEL32.DLL+0x2e8d7]
C  [ntdll.dll+0x8d9c]


---------------  P R O C E S S  ---------------

Threads class SMR info:
_java_thread_list=0x000001637b80e9c0, length=39, elements={
0x000001630d45cf70, 0x000001630f71d2e0, 0x000001630f71dd30, 0x000001630f815820,
0x000001630f8166f0, 0x000001630f81b660, 0x000001630f81c0b0, 0x000001630f81ce30,
0x000001630f82bf10, 0x00000163685572d0, 0x00000163686bc640, 0x00000163697ca9c0,
0x0000016369b3faf0, 0x0000016368823250, 0x0000016368511310, 0x000001636e209b70,
0x000001636e169be0, 0x0000016369b30700, 0x0000016369b30d90, 0x0000016369b30070,
0x000001636eb5d680, 0x000001636eb5f750, 0x000001636eb5c2d0, 0x000001636eb61190,
0x000001636eb60470, 0x000001636eb638f0, 0x000001636eb60b00, 0x000001636eb61820,
0x000001636eb61eb0, 0x000001636eb62bd0, 0x000001636eb62540, 0x000001636eb63260,
0x0000016369b31420, 0x0000016370e8cbf0, 0x0000016370e8a490, 0x0000016370e8bed0,
0x0000016370e89e00, 0x0000016370e90070, 0x0000016370c95120
}

Java Threads: ( => current thread )
  0x000001630d45cf70 JavaThread "main"                              [_thread_blocked, id=14592, stack(0x000000412a600000,0x000000412a700000) (1024K)]
  0x000001630f71d2e0 JavaThread "Reference Handler"          daemon [_thread_blocked, id=23284, stack(0x000000412aa00000,0x000000412ab00000) (1024K)]
  0x000001630f71dd30 JavaThread "Finalizer"                  daemon [_thread_blocked, id=7364, stack(0x000000412ab00000,0x000000412ac00000) (1024K)]
  0x000001630f815820 JavaThread "Signal Dispatcher"          daemon [_thread_blocked, id=5832, stack(0x000000412ac00000,0x000000412ad00000) (1024K)]
=>0x000001630f8166f0 JavaThread "Attach Listener"            daemon [_thread_in_vm, id=6620, stack(0x000000412ad00000,0x000000412ae00000) (1024K)]
  0x000001630f81b660 JavaThread "Service Thread"             daemon [_thread_blocked, id=15848, stack(0x000000412ae00000,0x000000412af00000) (1024K)]
  0x000001630f81c0b0 JavaThread "Monitor Deflation Thread"   daemon [_thread_blocked, id=21604, stack(0x000000412af00000,0x000000412b000000) (1024K)]
  0x000001630f81ce30 JavaThread "C2 CompilerThread0"         daemon [_thread_blocked, id=17600, stack(0x000000412b000000,0x000000412b100000) (1024K)]
  0x000001630f82bf10 JavaThread "C1 CompilerThread0"         daemon [_thread_blocked, id=12612, stack(0x000000412b100000,0x000000412b200000) (1024K)]
  0x00000163685572d0 JavaThread "Common-Cleaner"             daemon [_thread_blocked, id=17648, stack(0x000000412b200000,0x000000412b300000) (1024K)]
  0x00000163686bc640 JavaThread "Notification Thread"        daemon [_thread_blocked, id=8484, stack(0x000000412b300000,0x000000412b400000) (1024K)]
  0x00000163697ca9c0 JavaThread "Active Thread: Equinox Container: e693a2dc-409f-4841-a7d2-29bc281b7829"        [_thread_blocked, id=14860, stack(0x000000412b400000,0x000000412b500000) (1024K)]
  0x0000016369b3faf0 JavaThread "Refresh Thread: Equinox Container: e693a2dc-409f-4841-a7d2-29bc281b7829" daemon [_thread_blocked, id=18228, stack(0x000000412bb00000,0x000000412bc00000) (1024K)]
  0x0000016368823250 JavaThread "Framework Event Dispatcher: Equinox Container: e693a2dc-409f-4841-a7d2-29bc281b7829" daemon [_thread_blocked, id=16864, stack(0x000000412bd00000,0x000000412be00000) (1024K)]
  0x0000016368511310 JavaThread "Start Level: Equinox Container: e693a2dc-409f-4841-a7d2-29bc281b7829" daemon [_thread_blocked, id=11720, stack(0x000000412be00000,0x000000412bf00000) (1024K)]
  0x000001636e209b70 JavaThread "Bundle File Closer"         daemon [_thread_blocked, id=21284, stack(0x000000412c100000,0x000000412c200000) (1024K)]
  0x000001636e169be0 JavaThread "SCR Component Actor"        daemon [_thread_blocked, id=5664, stack(0x000000412a400000,0x000000412a500000) (1024K)]
  0x0000016369b30700 JavaThread "Worker-JM"                         [_thread_blocked, id=23184, stack(0x000000412c200000,0x000000412c300000) (1024K)]
  0x0000016369b30d90 JavaThread "JNA Cleaner"                daemon [_thread_blocked, id=14848, stack(0x000000412c500000,0x000000412c600000) (1024K)]
  0x0000016369b30070 JavaThread "Worker-0"                          [_thread_blocked, id=3288, stack(0x000000412c300000,0x000000412c400000) (1024K)]
  0x000001636eb5d680 JavaThread "Java indexing"              daemon [_thread_blocked, id=21892, stack(0x000000412c900000,0x000000412ca00000) (1024K)]
  0x000001636eb5f750 JavaThread "Thread-3"                   daemon [_thread_in_native, id=3080, stack(0x000000412cd00000,0x000000412ce00000) (1024K)]
  0x000001636eb5c2d0 JavaThread "Thread-4"                   daemon [_thread_in_native, id=7628, stack(0x000000412ce00000,0x000000412cf00000) (1024K)]
  0x000001636eb61190 JavaThread "Thread-5"                   daemon [_thread_in_native, id=5076, stack(0x000000412cf00000,0x000000412d000000) (1024K)]
  0x000001636eb60470 JavaThread "Thread-6"                   daemon [_thread_in_native, id=22920, stack(0x000000412d000000,0x000000412d100000) (1024K)]
  0x000001636eb638f0 JavaThread "Thread-7"                   daemon [_thread_in_native, id=22328, stack(0x000000412d100000,0x000000412d200000) (1024K)]
  0x000001636eb60b00 JavaThread "Thread-8"                   daemon [_thread_in_native, id=14288, stack(0x000000412d200000,0x000000412d300000) (1024K)]
  0x000001636eb61820 JavaThread "Thread-9"                   daemon [_thread_in_native, id=2924, stack(0x000000412d300000,0x000000412d400000) (1024K)]
  0x000001636eb61eb0 JavaThread "Thread-10"                  daemon [_thread_in_native, id=14076, stack(0x000000412d400000,0x000000412d500000) (1024K)]
  0x000001636eb62bd0 JavaThread "Thread-11"                  daemon [_thread_in_native, id=7568, stack(0x000000412d500000,0x000000412d600000) (1024K)]
  0x000001636eb62540 JavaThread "Thread-12"                  daemon [_thread_in_native, id=5920, stack(0x000000412d600000,0x000000412d700000) (1024K)]
  0x000001636eb63260 JavaThread "Thread-13"                  daemon [_thread_in_native, id=14996, stack(0x000000412d700000,0x000000412d800000) (1024K)]
  0x0000016369b31420 JavaThread "Thread-14"                  daemon [_thread_in_native, id=1508, stack(0x000000412d800000,0x000000412d900000) (1024K)]
  0x0000016370e8cbf0 JavaThread "Thread-15"                  daemon [_thread_in_native, id=14560, stack(0x000000412d900000,0x000000412da00000) (1024K)]
  0x0000016370e8a490 JavaThread "pool-2-thread-1"                   [_thread_blocked, id=21124, stack(0x000000412da00000,0x000000412db00000) (1024K)]
  0x0000016370e8bed0 JavaThread "WorkspaceEventsHandler"            [_thread_blocked, id=8748, stack(0x000000412db00000,0x000000412dc00000) (1024K)]
  0x0000016370e89e00 JavaThread "pool-1-thread-1"                   [_thread_blocked, id=20656, stack(0x000000412dc00000,0x000000412dd00000) (1024K)]
  0x0000016370e90070 JavaThread "Timer-0"                           [_thread_blocked, id=5716, stack(0x000000412e900000,0x000000412ea00000) (1024K)]
  0x0000016370c95120 JavaThread "Worker-6"                          [_thread_blocked, id=2564, stack(0x000000412c600000,0x000000412c700000) (1024K)]
Total: 39

Other Threads:
  0x000001630f810bf0 VMThread "VM Thread"                           [id=19232, stack(0x000000412a900000,0x000000412aa00000) (1024K)]
  0x000001630f5fca00 WatcherThread "VM Periodic Task Thread"        [id=19216, stack(0x000000412a800000,0x000000412a900000) (1024K)]
  0x000001630f792430 WorkerThread "GC Thread#0"                     [id=16852, stack(0x000000412a700000,0x000000412a800000) (1024K)]
  0x0000016369681480 WorkerThread "GC Thread#1"                     [id=15296, stack(0x000000412b500000,0x000000412b600000) (1024K)]
  0x0000016369681820 WorkerThread "GC Thread#2"                     [id=15540, stack(0x000000412b600000,0x000000412b700000) (1024K)]
  0x0000016369a1da90 WorkerThread "GC Thread#3"                     [id=4948, stack(0x000000412b700000,0x000000412b800000) (1024K)]
  0x0000016369a1de30 WorkerThread "GC Thread#4"                     [id=11124, stack(0x000000412b800000,0x000000412b900000) (1024K)]
  0x000001636979d5e0 WorkerThread "GC Thread#5"                     [id=13036, stack(0x000000412b900000,0x000000412ba00000) (1024K)]
  0x000001636979d980 WorkerThread "GC Thread#6"                     [id=14740, stack(0x000000412ba00000,0x000000412bb00000) (1024K)]
  0x0000016369aa5e90 WorkerThread "GC Thread#7"                     [id=22044, stack(0x000000412bc00000,0x000000412bd00000) (1024K)]
  0x000001636986a900 WorkerThread "GC Thread#8"                     [id=19244, stack(0x000000412bf00000,0x000000412c000000) (1024K)]
  0x000001636871c110 WorkerThread "GC Thread#9"                     [id=15256, stack(0x000000412c000000,0x000000412c100000) (1024K)]
Total: 12

Threads with active compile tasks:
Total: 0

VM state: not at safepoint (normal execution)

VM Mutex/Monitor currently owned by a thread: None

Heap address: 0x0000000080000000, size: 2048 MB, Compressed Oops mode: 32-bit

CDS archive(s) mapped at: [0x0000016327000000-0x0000016327ba0000-0x0000016327ba0000), size 12189696, SharedBaseAddress: 0x0000016327000000, ArchiveRelocationMode: 1.
Compressed class space mapped at: 0x0000016328000000-0x0000016368000000, reserved size: 1073741824
Narrow klass base: 0x0000016327000000, Narrow klass shift: 0, Narrow klass range: 0x100000000

GC Precious Log:
 CardTable entry size: 512
 CPUs: 12 total, 12 available
 Memory: 8013M
 Large Page Support: Disabled
 NUMA Support: Disabled
 Compressed Oops: Enabled (32-bit)
 Alignments: Space 512K, Generation 512K, Heap 2M
 Heap Min Capacity: 100M
 Heap Initial Capacity: 100M
 Heap Max Capacity: 2G
 Pre-touch: Disabled
 Parallel Workers: 10

Heap:
 PSYoungGen      total 3072K, used 2216K [0x00000000d5580000, 0x00000000d5a80000, 0x0000000100000000)
  eden space 2560K, 74% used [0x00000000d5580000,0x00000000d575a190,0x00000000d5800000)
  from space 512K, 62% used [0x00000000d5a00000,0x00000000d5a50000,0x00000000d5a80000)
  to   space 512K, 0% used [0x00000000d5800000,0x00000000d5800000,0x00000000d5880000)
 ParOldGen       total 140800K, used 140311K [0x0000000080000000, 0x0000000088980000, 0x00000000d5580000)
  object space 140800K, 99% used [0x0000000080000000,0x0000000088905d48,0x0000000088980000)
 Metaspace       used 75734K, committed 77376K, reserved 1179648K
  class space    used 8397K, committed 9088K, reserved 1048576K

Card table byte_map: [0x000001630f110000,0x000001630f520000] _byte_map_base: 0x000001630ed10000

Marking Bits: (ParMarkBitMap*) 0x00007ff985b1a340
 Begin Bits: [0x0000016321c10000, 0x0000016323c10000)
 End Bits:   [0x0000016323c10000, 0x0000016325c10000)

Polling page: 0x000001630d7b0000

Metaspace:

Usage:
  Non-class:     65.76 MB used.
      Class:      8.20 MB used.
       Both:     73.96 MB used.

Virtual space:
  Non-class space:      128.00 MB reserved,      66.69 MB ( 52%) committed,  2 nodes.
      Class space:        1.00 GB reserved,       8.88 MB ( <1%) committed,  1 nodes.
             Both:        1.12 GB reserved,      75.56 MB (  7%) committed. 

Chunk freelists:
   Non-Class:  12.92 MB
       Class:  7.13 MB
        Both:  20.05 MB

MaxMetaspaceSize: unlimited
CompressedClassSpaceSize: 1.00 GB
Initial GC threshold: 21.00 MB
Current GC threshold: 97.31 MB
CDS: on
 - commit_granule_bytes: 65536.
 - commit_granule_words: 8192.
 - virtual_space_node_default_size: 8388608.
 - enlarge_chunks_in_place: 1.
 - use_allocation_guard: 0.


Internal statistics:

num_allocs_failed_limit: 9.
num_arena_births: 1354.
num_arena_deaths: 34.
num_vsnodes_births: 3.
num_vsnodes_deaths: 0.
num_space_committed: 1209.
num_space_uncommitted: 0.
num_chunks_returned_to_freelist: 49.
num_chunks_taken_from_freelist: 4697.
num_chunk_merges: 12.
num_chunk_splits: 2904.
num_chunks_enlarged: 1733.
num_inconsistent_stats: 0.

CodeHeap 'non-profiled nmethods': size=120000Kb used=9194Kb max_used=9194Kb free=110805Kb
 bounds [0x000001631a430000, 0x000001631ad30000, 0x0000016321960000]
CodeHeap 'profiled nmethods': size=120000Kb used=30186Kb max_used=30186Kb free=89813Kb
 bounds [0x0000016312960000, 0x00000163146e0000, 0x0000016319e90000]
CodeHeap 'non-nmethods': size=5760Kb used=1467Kb max_used=1597Kb free=4293Kb
 bounds [0x0000016319e90000, 0x000001631a100000, 0x000001631a430000]
CodeCache: size=245760Kb, used=40847Kb, max_used=40977Kb, free=204911Kb
 total_blobs=13781, nmethods=13004, adapters=682, full_count=0
Compilation: enabled, stopped_count=0, restarted_count=0

Compilation events (20 events):
Event: 15683.204 Thread 0x000001630f82bf10 13930       1       org.eclipse.core.internal.jobs.InternalJob::getPriority (5 bytes)
Event: 15683.212 Thread 0x000001630f82bf10 nmethod 13930 0x000001631ad26010 code [0x000001631ad261a0, 0x000001631ad26268]
Event: 16001.376 Thread 0x000001630f81ce30 13931   !   4       java.util.concurrent.locks.AbstractQueuedSynchronizer::acquire (424 bytes)
Event: 16001.498 Thread 0x000001630f81ce30 nmethod 13931 0x000001631ad26310 code [0x000001631ad26560, 0x000001631ad27120]
Event: 16140.127 Thread 0x000001630f81ce30 13932       4       java.util.concurrent.locks.AbstractQueuedSynchronizer$Node::clearStatus (12 bytes)
Event: 16140.128 Thread 0x000001630f81ce30 nmethod 13932 0x000001631ad27990 code [0x000001631ad27b20, 0x000001631ad27bb0]
Event: 18702.184 Thread 0x000001630f81ce30 13933       4       java.util.concurrent.locks.AbstractQueuedSynchronizer$Node::getAndUnsetStatus (14 bytes)
Event: 18702.203 Thread 0x000001630f81ce30 nmethod 13933 0x000001631ad27c90 code [0x000001631ad27e20, 0x000001631ad27ef0]
Event: 19283.539 Thread 0x000001630f82bf10 13934   !   3       org.eclipse.core.internal.jobs.JobManager::changeState (511 bytes)
Event: 19283.680 Thread 0x000001630f82bf10 nmethod 13934 0x00000163146d7190 code [0x00000163146d7620, 0x00000163146d96a0]
Event: 19902.417 Thread 0x000001630f81ce30 13935       4       java.util.concurrent.ScheduledThreadPoolExecutor$ScheduledFutureTask::getDelay (16 bytes)
Event: 19902.449 Thread 0x000001630f81ce30 nmethod 13935 0x000001631ad27f90 code [0x000001631ad28120, 0x000001631ad28280]
Event: 20183.716 Thread 0x000001630f82bf10 13936       1       org.eclipse.core.internal.jobs.JobManager::getLockManager (5 bytes)
Event: 20183.718 Thread 0x000001630f82bf10 nmethod 13936 0x000001631ad28410 code [0x000001631ad285a0, 0x000001631ad28668]
Event: 21983.816 Thread 0x000001630f82bf10 13937       1       org.eclipse.core.internal.jobs.InternalJob::getProgressMonitor (5 bytes)
Event: 21983.829 Thread 0x000001630f82bf10 nmethod 13937 0x000001631ad28710 code [0x000001631ad288a0, 0x000001631ad28968]
Event: 22883.976 Thread 0x000001630f81ce30 13938       4       org.eclipse.core.internal.jobs.DeadlockDetector::reduceGraph (509 bytes)
Event: 22884.218 Thread 0x000001630f81ce30 nmethod 13938 0x000001631ad28a10 code [0x000001631ad28c80, 0x000001631ad29f98]
Event: 23784.130 Thread 0x000001630f82bf10 13939       3       org.eclipse.core.runtime.jobs.Job::setThread (6 bytes)
Event: 23784.145 Thread 0x000001630f82bf10 nmethod 13939 0x00000163146da810 code [0x00000163146da9a0, 0x00000163146daae0]

GC Heap History (20 events):
Event: 267.065 GC heap before
{Heap before GC invocations=96 (full 3):
 PSYoungGen      total 3072K, used 3072K [0x00000000d5580000, 0x00000000d5b00000, 0x0000000100000000)
  eden space 2560K, 100% used [0x00000000d5580000,0x00000000d5800000,0x00000000d5800000)
  from space 512K, 100% used [0x00000000d5980000,0x00000000d5a00000,0x00000000d5a00000)
  to   space 1536K, 0% used [0x00000000d5800000,0x00000000d5800000,0x00000000d5980000)
 ParOldGen       total 126464K, used 126295K [0x0000000080000000, 0x0000000087b80000, 0x00000000d5580000)
  object space 126464K, 99% used [0x0000000080000000,0x0000000087b55eb0,0x0000000087b80000)
 Metaspace       used 75304K, committed 76928K, reserved 1179648K
  class space    used 8364K, committed 9088K, reserved 1048576K
}
Event: 267.071 GC heap after
{Heap after GC invocations=96 (full 3):
 PSYoungGen      total 4096K, used 1088K [0x00000000d5580000, 0x00000000d5b00000, 0x0000000100000000)
  eden space 2560K, 0% used [0x00000000d5580000,0x00000000d5580000,0x00000000d5800000)
  from space 1536K, 70% used [0x00000000d5800000,0x00000000d5910000,0x00000000d5980000)
  to   space 1536K, 0% used [0x00000000d5980000,0x00000000d5980000,0x00000000d5b00000)
 ParOldGen       total 126976K, used 126838K [0x0000000080000000, 0x0000000087c00000, 0x00000000d5580000)
  object space 126976K, 99% used [0x0000000080000000,0x0000000087bdda58,0x0000000087c00000)
 Metaspace       used 75304K, committed 76928K, reserved 1179648K
  class space    used 8364K, committed 9088K, reserved 1048576K
}
Event: 267.224 GC heap before
{Heap before GC invocations=97 (full 3):
 PSYoungGen      total 4096K, used 3648K [0x00000000d5580000, 0x00000000d5b00000, 0x0000000100000000)
  eden space 2560K, 100% used [0x00000000d5580000,0x00000000d5800000,0x00000000d5800000)
  from space 1536K, 70% used [0x00000000d5800000,0x00000000d5910000,0x00000000d5980000)
  to   space 1536K, 0% used [0x00000000d5980000,0x00000000d5980000,0x00000000d5b00000)
 ParOldGen       total 126976K, used 126838K [0x0000000080000000, 0x0000000087c00000, 0x00000000d5580000)
  object space 126976K, 99% used [0x0000000080000000,0x0000000087bdda58,0x0000000087c00000)
 Metaspace       used 75351K, committed 76992K, reserved 1179648K
  class space    used 8366K, committed 9088K, reserved 1048576K
}
Event: 267.228 GC heap after
{Heap after GC invocations=97 (full 3):
 PSYoungGen      total 3072K, used 475K [0x00000000d5580000, 0x00000000d5a00000, 0x0000000100000000)
  eden space 2560K, 0% used [0x00000000d5580000,0x00000000d5580000,0x00000000d5800000)
  from space 512K, 92% used [0x00000000d5980000,0x00000000d59f6c08,0x00000000d5a00000)
  to   space 1024K, 0% used [0x00000000d5800000,0x00000000d5800000,0x00000000d5900000)
 ParOldGen       total 127488K, used 127027K [0x0000000080000000, 0x0000000087c80000, 0x00000000d5580000)
  object space 127488K, 99% used [0x0000000080000000,0x0000000087c0cd48,0x0000000087c80000)
 Metaspace       used 75351K, committed 76992K, reserved 1179648K
  class space    used 8366K, committed 9088K, reserved 1048576K
}
Event: 267.265 GC heap before
{Heap before GC invocations=98 (full 3):
 PSYoungGen      total 3072K, used 3035K [0x00000000d5580000, 0x00000000d5a00000, 0x0000000100000000)
  eden space 2560K, 100% used [0x00000000d5580000,0x00000000d5800000,0x00000000d5800000)
  from space 512K, 92% used [0x00000000d5980000,0x00000000d59f6c08,0x00000000d5a00000)
  to   space 1024K, 0% used [0x00000000d5800000,0x00000000d5800000,0x00000000d5900000)
 ParOldGen       total 127488K, used 127027K [0x0000000080000000, 0x0000000087c80000, 0x00000000d5580000)
  object space 127488K, 99% used [0x0000000080000000,0x0000000087c0cd48,0x0000000087c80000)
 Metaspace       used 75358K, committed 76992K, reserved 1179648K
  class space    used 8367K, committed 9088K, reserved 1048576K
}
Event: 267.269 GC heap after
{Heap after GC invocations=98 (full 3):
 PSYoungGen      total 3584K, used 1002K [0x00000000d5580000, 0x00000000d5e00000, 0x0000000100000000)
  eden space 2560K, 0% used [0x00000000d5580000,0x00000000d5580000,0x00000000d5800000)
  from space 1024K, 97% used [0x00000000d5800000,0x00000000d58fab80,0x00000000d5900000)
  to   space 3072K, 0% used [0x00000000d5b00000,0x00000000d5b00000,0x00000000d5e00000)
 ParOldGen       total 128512K, used 128459K [0x0000000080000000, 0x0000000087d80000, 0x00000000d5580000)
  object space 128512K, 99% used [0x0000000080000000,0x0000000087d72dc8,0x0000000087d80000)
 Metaspace       used 75358K, committed 76992K, reserved 1179648K
  class space    used 8367K, committed 9088K, reserved 1048576K
}
Event: 267.301 GC heap before
{Heap before GC invocations=99 (full 3):
 PSYoungGen      total 3584K, used 3562K [0x00000000d5580000, 0x00000000d5e00000, 0x0000000100000000)
  eden space 2560K, 100% used [0x00000000d5580000,0x00000000d5800000,0x00000000d5800000)
  from space 1024K, 97% used [0x00000000d5800000,0x00000000d58fab80,0x00000000d5900000)
  to   space 3072K, 0% used [0x00000000d5b00000,0x00000000d5b00000,0x00000000d5e00000)
 ParOldGen       total 128512K, used 128459K [0x0000000080000000, 0x0000000087d80000, 0x00000000d5580000)
  object space 128512K, 99% used [0x0000000080000000,0x0000000087d72dc8,0x0000000087d80000)
 Metaspace       used 75360K, committed 76992K, reserved 1179648K
  class space    used 8367K, committed 9088K, reserved 1048576K
}
Event: 267.310 GC heap after
{Heap after GC invocations=99 (full 3):
 PSYoungGen      total 5632K, used 2506K [0x00000000d5580000, 0x00000000d5e00000, 0x0000000100000000)
  eden space 2560K, 0% used [0x00000000d5580000,0x00000000d5580000,0x00000000d5800000)
  from space 3072K, 81% used [0x00000000d5b00000,0x00000000d5d72800,0x00000000d5e00000)
  to   space 3072K, 0% used [0x00000000d5800000,0x00000000d5800000,0x00000000d5b00000)
 ParOldGen       total 129536K, used 129382K [0x0000000080000000, 0x0000000087e80000, 0x00000000d5580000)
  object space 129536K, 99% used [0x0000000080000000,0x0000000087e59958,0x0000000087e80000)
 Metaspace       used 75360K, committed 76992K, reserved 1179648K
  class space    used 8367K, committed 9088K, reserved 1048576K
}
Event: 267.330 GC heap before
{Heap before GC invocations=100 (full 3):
 PSYoungGen      total 5632K, used 5066K [0x00000000d5580000, 0x00000000d5e00000, 0x0000000100000000)
  eden space 2560K, 100% used [0x00000000d5580000,0x00000000d5800000,0x00000000d5800000)
  from space 3072K, 81% used [0x00000000d5b00000,0x00000000d5d72800,0x00000000d5e00000)
  to   space 3072K, 0% used [0x00000000d5800000,0x00000000d5800000,0x00000000d5b00000)
 ParOldGen       total 129536K, used 129382K [0x0000000080000000, 0x0000000087e80000, 0x00000000d5580000)
  object space 129536K, 99% used [0x0000000080000000,0x0000000087e59958,0x0000000087e80000)
 Metaspace       used 75363K, committed 76992K, reserved 1179648K
  class space    used 8367K, committed 9088K, reserved 1048576K
}
Event: 267.341 GC heap after
{Heap after GC invocations=100 (full 3):
 PSYoungGen      total 5120K, used 2464K [0x00000000d5580000, 0x00000000d5d00000, 0x0000000100000000)
  eden space 2560K, 0% used [0x00000000d5580000,0x00000000d5580000,0x00000000d5800000)
  from space 2560K, 96% used [0x00000000d5800000,0x00000000d5a68000,0x00000000d5a80000)
  to   space 2560K, 0% used [0x00000000d5a80000,0x00000000d5a80000,0x00000000d5d00000)
 ParOldGen       total 132096K, used 131745K [0x0000000080000000, 0x0000000088100000, 0x00000000d5580000)
  object space 132096K, 99% used [0x0000000080000000,0x00000000880a8558,0x0000000088100000)
 Metaspace       used 75363K, committed 76992K, reserved 1179648K
  class space    used 8367K, committed 9088K, reserved 1048576K
}
Event: 267.386 GC heap before
{Heap before GC invocations=101 (full 3):
 PSYoungGen      total 5120K, used 5023K [0x00000000d5580000, 0x00000000d5d00000, 0x0000000100000000)
  eden space 2560K, 99% used [0x00000000d5580000,0x00000000d57fff70,0x00000000d5800000)
  from space 2560K, 96% used [0x00000000d5800000,0x00000000d5a68000,0x00000000d5a80000)
  to   space 2560K, 0% used [0x00000000d5a80000,0x00000000d5a80000,0x00000000d5d00000)
 ParOldGen       total 132096K, used 131745K [0x0000000080000000, 0x0000000088100000, 0x00000000d5580000)
  object space 132096K, 99% used [0x0000000080000000,0x00000000880a8558,0x0000000088100000)
 Metaspace       used 75376K, committed 76992K, reserved 1179648K
  class space    used 8367K, committed 9088K, reserved 1048576K
}
Event: 267.393 GC heap after
{Heap after GC invocations=101 (full 3):
 PSYoungGen      total 5120K, used 2048K [0x00000000d5580000, 0x00000000d5d00000, 0x0000000100000000)
  eden space 2560K, 0% used [0x00000000d5580000,0x00000000d5580000,0x00000000d5800000)
  from space 2560K, 80% used [0x00000000d5a80000,0x00000000d5c80000,0x00000000d5d00000)
  to   space 2560K, 0% used [0x00000000d5800000,0x00000000d5800000,0x00000000d5a80000)
 ParOldGen       total 134144K, used 134127K [0x0000000080000000, 0x0000000088300000, 0x00000000d5580000)
  object space 134144K, 99% used [0x0000000080000000,0x00000000882fbd48,0x0000000088300000)
 Metaspace       used 75376K, committed 76992K, reserved 1179648K
  class space    used 8367K, committed 9088K, reserved 1048576K
}
Event: 267.441 GC heap before
{Heap before GC invocations=102 (full 3):
 PSYoungGen      total 5120K, used 4608K [0x00000000d5580000, 0x00000000d5d00000, 0x0000000100000000)
  eden space 2560K, 100% used [0x00000000d5580000,0x00000000d5800000,0x00000000d5800000)
  from space 2560K, 80% used [0x00000000d5a80000,0x00000000d5c80000,0x00000000d5d00000)
  to   space 2560K, 0% used [0x00000000d5800000,0x00000000d5800000,0x00000000d5a80000)
 ParOldGen       total 134144K, used 134127K [0x0000000080000000, 0x0000000088300000, 0x00000000d5580000)
  object space 134144K, 99% used [0x0000000080000000,0x00000000882fbd48,0x0000000088300000)
 Metaspace       used 75378K, committed 76992K, reserved 1179648K
  class space    used 8367K, committed 9088K, reserved 1048576K
}
Event: 267.448 GC heap after
{Heap after GC invocations=102 (full 3):
 PSYoungGen      total 5120K, used 2256K [0x00000000d5580000, 0x00000000d5d00000, 0x0000000100000000)
  eden space 2560K, 0% used [0x00000000d5580000,0x00000000d5580000,0x00000000d5800000)
  from space 2560K, 88% used [0x00000000d5800000,0x00000000d5a34078,0x00000000d5a80000)
  to   space 2560K, 0% used [0x00000000d5a80000,0x00000000d5a80000,0x00000000d5d00000)
 ParOldGen       total 136192K, used 136047K [0x0000000080000000, 0x0000000088500000, 0x00000000d5580000)
  object space 136192K, 99% used [0x0000000080000000,0x00000000884dbd48,0x0000000088500000)
 Metaspace       used 75378K, committed 76992K, reserved 1179648K
  class space    used 8367K, committed 9088K, reserved 1048576K
}
Event: 380.109 GC heap before
{Heap before GC invocations=103 (full 3):
 PSYoungGen      total 5120K, used 4816K [0x00000000d5580000, 0x00000000d5d00000, 0x0000000100000000)
  eden space 2560K, 99% used [0x00000000d5580000,0x00000000d57fffd8,0x00000000d5800000)
  from space 2560K, 88% used [0x00000000d5800000,0x00000000d5a34078,0x00000000d5a80000)
  to   space 2560K, 0% used [0x00000000d5a80000,0x00000000d5a80000,0x00000000d5d00000)
 ParOldGen       total 136192K, used 136047K [0x0000000080000000, 0x0000000088500000, 0x00000000d5580000)
  object space 136192K, 99% used [0x0000000080000000,0x00000000884dbd48,0x0000000088500000)
 Metaspace       used 75392K, committed 76992K, reserved 1179648K
  class space    used 8368K, committed 9088K, reserved 1048576K
}
Event: 380.112 GC heap after
{Heap after GC invocations=103 (full 3):
 PSYoungGen      total 5120K, used 2080K [0x00000000d5580000, 0x00000000d5d00000, 0x0000000100000000)
  eden space 2560K, 0% used [0x00000000d5580000,0x00000000d5580000,0x00000000d5800000)
  from space 2560K, 81% used [0x00000000d5a80000,0x00000000d5c88000,0x00000000d5d00000)
  to   space 2560K, 0% used [0x00000000d5800000,0x00000000d5800000,0x00000000d5a80000)
 ParOldGen       total 138240K, used 138103K [0x0000000080000000, 0x0000000088700000, 0x00000000d5580000)
  object space 138240K, 99% used [0x0000000080000000,0x00000000886ddd48,0x0000000088700000)
 Metaspace       used 75392K, committed 76992K, reserved 1179648K
  class space    used 8368K, committed 9088K, reserved 1048576K
}
Event: 549.235 GC heap before
{Heap before GC invocations=104 (full 3):
 PSYoungGen      total 5120K, used 4639K [0x00000000d5580000, 0x00000000d5d00000, 0x0000000100000000)
  eden space 2560K, 99% used [0x00000000d5580000,0x00000000d57ffff8,0x00000000d5800000)
  from space 2560K, 81% used [0x00000000d5a80000,0x00000000d5c88000,0x00000000d5d00000)
  to   space 2560K, 0% used [0x00000000d5800000,0x00000000d5800000,0x00000000d5a80000)
 ParOldGen       total 138240K, used 138103K [0x0000000080000000, 0x0000000088700000, 0x00000000d5580000)
  object space 138240K, 99% used [0x0000000080000000,0x00000000886ddd48,0x0000000088700000)
 Metaspace       used 75604K, committed 77184K, reserved 1179648K
  class space    used 8392K, committed 9088K, reserved 1048576K
}
Event: 549.243 GC heap after
{Heap after GC invocations=104 (full 3):
 PSYoungGen      total 3072K, used 352K [0x00000000d5580000, 0x00000000d5b00000, 0x0000000100000000)
  eden space 2560K, 0% used [0x00000000d5580000,0x00000000d5580000,0x00000000d5800000)
  from space 512K, 68% used [0x00000000d5800000,0x00000000d5858000,0x00000000d5880000)
  to   space 1024K, 0% used [0x00000000d5a00000,0x00000000d5a00000,0x00000000d5b00000)
 ParOldGen       total 140288K, used 140119K [0x0000000080000000, 0x0000000088900000, 0x00000000d5580000)
  object space 140288K, 99% used [0x0000000080000000,0x00000000888d5d48,0x0000000088900000)
 Metaspace       used 75604K, committed 77184K, reserved 1179648K
  class space    used 8392K, committed 9088K, reserved 1048576K
}
Event: 10282.264 GC heap before
{Heap before GC invocations=105 (full 3):
 PSYoungGen      total 3072K, used 2912K [0x00000000d5580000, 0x00000000d5b00000, 0x0000000100000000)
  eden space 2560K, 100% used [0x00000000d5580000,0x00000000d5800000,0x00000000d5800000)
  from space 512K, 68% used [0x00000000d5800000,0x00000000d5858000,0x00000000d5880000)
  to   space 1024K, 0% used [0x00000000d5a00000,0x00000000d5a00000,0x00000000d5b00000)
 ParOldGen       total 140288K, used 140119K [0x0000000080000000, 0x0000000088900000, 0x00000000d5580000)
  object space 140288K, 99% used [0x0000000080000000,0x00000000888d5d48,0x0000000088900000)
 Metaspace       used 75708K, committed 77312K, reserved 1179648K
  class space    used 8397K, committed 9088K, reserved 1048576K
}
Event: 10282.428 GC heap after
{Heap after GC invocations=105 (full 3):
 PSYoungGen      total 3072K, used 320K [0x00000000d5580000, 0x00000000d5a80000, 0x0000000100000000)
  eden space 2560K, 0% used [0x00000000d5580000,0x00000000d5580000,0x00000000d5800000)
  from space 512K, 62% used [0x00000000d5a00000,0x00000000d5a50000,0x00000000d5a80000)
  to   space 512K, 0% used [0x00000000d5800000,0x00000000d5800000,0x00000000d5880000)
 ParOldGen       total 140800K, used 140311K [0x0000000080000000, 0x0000000088980000, 0x00000000d5580000)
  object space 140800K, 99% used [0x0000000080000000,0x0000000088905d48,0x0000000088980000)
 Metaspace       used 75708K, committed 77312K, reserved 1179648K
  class space    used 8397K, committed 9088K, reserved 1048576K
}

Dll operation events (15 events):
Event: 0.039 Loaded shared library c:\Users\PC\.vscode\extensions\redhat.java-1.45.0-win32-x64\jre\21.0.8-win32-x86_64\bin\java.dll
Event: 0.197 Loaded shared library c:\Users\PC\.vscode\extensions\redhat.java-1.45.0-win32-x64\jre\21.0.8-win32-x86_64\bin\zip.dll
Event: 0.508 Loaded shared library C:\Users\PC\.vscode\extensions\redhat.java-1.45.0-win32-x64\jre\21.0.8-win32-x86_64\bin\instrument.dll
Event: 0.562 Loaded shared library C:\Users\PC\.vscode\extensions\redhat.java-1.45.0-win32-x64\jre\21.0.8-win32-x86_64\bin\net.dll
Event: 0.574 Loaded shared library C:\Users\PC\.vscode\extensions\redhat.java-1.45.0-win32-x64\jre\21.0.8-win32-x86_64\bin\nio.dll
Event: 0.591 Loaded shared library C:\Users\PC\.vscode\extensions\redhat.java-1.45.0-win32-x64\jre\21.0.8-win32-x86_64\bin\zip.dll
Event: 0.674 Loaded shared library C:\Users\PC\.vscode\extensions\redhat.java-1.45.0-win32-x64\jre\21.0.8-win32-x86_64\bin\jimage.dll
Event: 1.062 Loaded shared library c:\Users\PC\.vscode\extensions\redhat.java-1.45.0-win32-x64\jre\21.0.8-win32-x86_64\bin\verify.dll
Event: 30.154 Loaded shared library C:\Users\PC\AppData\Roaming\Code\User\globalStorage\redhat.java\1.45.0\config_win\org.eclipse.equinox.launcher\org.eclipse.equinox.launcher.win32.win32.x86_64_1.2.1400.v20250801-0854\eclipse_11916.dll
Event: 77.370 Loaded shared library C:\Users\PC\AppData\Local\Temp\jna-2547\jna10819661633399396161.dll
Event: 93.089 Loaded shared library C:\Users\PC\.vscode\extensions\redhat.java-1.45.0-win32-x64\jre\21.0.8-win32-x86_64\bin\sunmscapi.dll
Event: 93.721 Loaded shared library C:\Users\PC\.vscode\extensions\redhat.java-1.45.0-win32-x64\jre\21.0.8-win32-x86_64\bin\extnet.dll
Event: 194.330 Loaded shared library C:\Users\PC\.gradle\native\1def1411415f61bf3af743bc5b6707747c0891f09f0c88961ee8f79bc544acac\windows-amd64\native-platform.dll
Event: 239.384 Loaded shared library C:\Users\PC\.vscode\extensions\redhat.java-1.45.0-win32-x64\jre\21.0.8-win32-x86_64\bin\management.dll
Event: 239.401 Loaded shared library C:\Users\PC\.vscode\extensions\redhat.java-1.45.0-win32-x64\jre\21.0.8-win32-x86_64\bin\management_ext.dll

Deoptimization events (20 events):
Event: 549.397 Thread 0x0000016370c95120 Uncommon trap: trap_request=0xffffff45 fr.pc=0x000001631ad00e14 relative=0x00000000000002b4
Event: 549.397 Thread 0x0000016370c95120 Uncommon trap: reason=unstable_if action=reinterpret pc=0x000001631ad00e14 method=org.eclipse.core.internal.dtree.DeltaDataTree.getData(Lorg/eclipse/core/runtime/IPath;)Ljava/lang/Object; @ 56 c2
Event: 549.398 Thread 0x0000016370c95120 DEOPT PACKING pc=0x000001631ad00e14 sp=0x000000412c6fe740
Event: 549.398 Thread 0x0000016370c95120 DEOPT UNPACKING pc=0x0000016319ee3aa2 sp=0x000000412c6fe6d8 mode 2
Event: 549.572 Thread 0x0000016370c95120 Uncommon trap: trap_request=0xffffffc6 fr.pc=0x000001631ad12804 relative=0x0000000000001b24
Event: 549.572 Thread 0x0000016370c95120 Uncommon trap: reason=bimorphic_or_optimized_type_check action=maybe_recompile pc=0x000001631ad12804 method=org.eclipse.core.internal.dtree.AbstractDataTreeNode.assembleWith([Lorg/eclipse/core/internal/dtree/AbstractDataTreeNode;[Lorg/eclipse/core/interna
Event: 549.572 Thread 0x0000016370c95120 DEOPT PACKING pc=0x000001631ad12804 sp=0x000000412c6fe460
Event: 549.572 Thread 0x0000016370c95120 DEOPT UNPACKING pc=0x0000016319ee3aa2 sp=0x000000412c6fe420 mode 2
Event: 549.572 Thread 0x0000016370c95120 Uncommon trap: trap_request=0xffffffc6 fr.pc=0x000001631ad12804 relative=0x0000000000001b24
Event: 549.572 Thread 0x0000016370c95120 Uncommon trap: reason=bimorphic_or_optimized_type_check action=maybe_recompile pc=0x000001631ad12804 method=org.eclipse.core.internal.dtree.AbstractDataTreeNode.assembleWith([Lorg/eclipse/core/internal/dtree/AbstractDataTreeNode;[Lorg/eclipse/core/interna
Event: 549.572 Thread 0x0000016370c95120 DEOPT PACKING pc=0x000001631ad12804 sp=0x000000412c6fe520
Event: 549.572 Thread 0x0000016370c95120 DEOPT UNPACKING pc=0x0000016319ee3aa2 sp=0x000000412c6fe4e0 mode 2
Event: 549.572 Thread 0x0000016370c95120 Uncommon trap: trap_request=0xffffffc6 fr.pc=0x000001631ad12804 relative=0x0000000000001b24
Event: 549.572 Thread 0x0000016370c95120 Uncommon trap: reason=bimorphic_or_optimized_type_check action=maybe_recompile pc=0x000001631ad12804 method=org.eclipse.core.internal.dtree.AbstractDataTreeNode.assembleWith([Lorg/eclipse/core/internal/dtree/AbstractDataTreeNode;[Lorg/eclipse/core/interna
Event: 549.572 Thread 0x0000016370c95120 DEOPT PACKING pc=0x000001631ad12804 sp=0x000000412c6fe5e0
Event: 549.572 Thread 0x0000016370c95120 DEOPT UNPACKING pc=0x0000016319ee3aa2 sp=0x000000412c6fe5a0 mode 2
Event: 1280.262 Thread 0x0000016370c95120 Uncommon trap: trap_request=0xffffff45 fr.pc=0x000001631acfb9b0 relative=0x00000000000008d0
Event: 1280.263 Thread 0x0000016370c95120 Uncommon trap: reason=unstable_if action=reinterpret pc=0x000001631acfb9b0 method=org.eclipse.core.internal.utils.StringPool.add(Ljava/lang/String;)Ljava/lang/String; @ 1 c2
Event: 1280.263 Thread 0x0000016370c95120 DEOPT PACKING pc=0x000001631acfb9b0 sp=0x000000412c6ff000
Event: 1280.265 Thread 0x0000016370c95120 DEOPT UNPACKING pc=0x0000016319ee3aa2 sp=0x000000412c6fefd8 mode 2

Classes loaded (20 events):
Event: 549.160 Loading class java/util/stream/Nodes$CollectorTask$OfRef
Event: 549.161 Loading class java/util/stream/Nodes$CollectorTask
Event: 549.163 Loading class java/util/stream/Nodes$CollectorTask done
Event: 549.163 Loading class java/util/stream/Nodes$CollectorTask$OfRef done
Event: 549.169 Loading class java/util/function/LongFunction
Event: 549.169 Loading class java/util/function/LongFunction done
Event: 549.170 Loading class java/util/stream/Nodes$ConcNode
Event: 549.171 Loading class java/util/stream/Nodes$AbstractConcNode
Event: 549.172 Loading class java/util/stream/Nodes$AbstractConcNode done
Event: 549.172 Loading class java/util/stream/Nodes$ConcNode done
Event: 549.209 Loading class java/util/stream/Nodes$ToArrayTask$OfRef
Event: 549.209 Loading class java/util/stream/Nodes$ToArrayTask
Event: 549.210 Loading class java/util/stream/Nodes$ToArrayTask done
Event: 549.210 Loading class java/util/stream/Nodes$ToArrayTask$OfRef done
Event: 549.217 Loading class java/io/ObjectOutputStream$BlockDataOutputStream
Event: 549.218 Loading class java/io/ObjectOutputStream$BlockDataOutputStream done
Event: 549.218 Loading class java/io/ObjectOutputStream$HandleTable
Event: 549.218 Loading class java/io/ObjectOutputStream$HandleTable done
Event: 549.219 Loading class java/io/ObjectOutputStream$ReplaceTable
Event: 549.219 Loading class java/io/ObjectOutputStream$ReplaceTable done

Classes unloaded (17 events):
Event: 81.910 Thread 0x000001630f810bf0 Unloading class 0x00000163281a4c00 'java/lang/invoke/LambdaForm$MH+0x00000163281a4c00'
Event: 81.910 Thread 0x000001630f810bf0 Unloading class 0x00000163281a4800 'java/lang/invoke/LambdaForm$MH+0x00000163281a4800'
Event: 81.910 Thread 0x000001630f810bf0 Unloading class 0x00000163281a4400 'java/lang/invoke/LambdaForm$MH+0x00000163281a4400'
Event: 81.910 Thread 0x000001630f810bf0 Unloading class 0x00000163281a4000 'java/lang/invoke/LambdaForm$MH+0x00000163281a4000'
Event: 81.910 Thread 0x000001630f810bf0 Unloading class 0x00000163281a3c00 'java/lang/invoke/LambdaForm$BMH+0x00000163281a3c00'
Event: 81.910 Thread 0x000001630f810bf0 Unloading class 0x00000163281a3800 'java/lang/invoke/LambdaForm$DMH+0x00000163281a3800'
Event: 81.910 Thread 0x000001630f810bf0 Unloading class 0x00000163281a2800 'java/lang/invoke/LambdaForm$DMH+0x00000163281a2800'
Event: 86.994 Thread 0x000001630f810bf0 Unloading class 0x00000163282cb400 'java/lang/invoke/LambdaForm$MH+0x00000163282cb400'
Event: 86.994 Thread 0x000001630f810bf0 Unloading class 0x00000163282c7800 'java/lang/invoke/LambdaForm$MH+0x00000163282c7800'
Event: 86.994 Thread 0x000001630f810bf0 Unloading class 0x00000163282c7000 'java/lang/invoke/LambdaForm$MH+0x00000163282c7000'
Event: 86.994 Thread 0x000001630f810bf0 Unloading class 0x00000163282c6800 'java/lang/invoke/LambdaForm$MH+0x00000163282c6800'
Event: 86.994 Thread 0x000001630f810bf0 Unloading class 0x00000163282c6000 'java/lang/invoke/LambdaForm$MH+0x00000163282c6000'
Event: 86.994 Thread 0x000001630f810bf0 Unloading class 0x00000163282c5800 'java/lang/invoke/LambdaForm$MH+0x00000163282c5800'
Event: 86.994 Thread 0x000001630f810bf0 Unloading class 0x00000163282c5000 'java/lang/invoke/LambdaForm$MH+0x00000163282c5000'
Event: 86.994 Thread 0x000001630f810bf0 Unloading class 0x00000163282c4c00 'java/lang/invoke/LambdaForm$MH+0x00000163282c4c00'
Event: 86.994 Thread 0x000001630f810bf0 Unloading class 0x00000163282c4000 'java/lang/invoke/LambdaForm$MH+0x00000163282c4000'
Event: 86.994 Thread 0x000001630f810bf0 Unloading class 0x00000163282bac00 'java/lang/invoke/LambdaForm$DMH+0x00000163282bac00'

Classes redefined (0 events):
No events

Internal exceptions (20 events):
Event: 264.585 Thread 0x000001636eb5e3a0 Exception <a 'sun/nio/fs/WindowsException'{0x00000000d59961e8}> (0x00000000d59961e8) 
thrown [s\src\hotspot\share\prims\jni.cpp, line 520]
Event: 264.698 Thread 0x000001636eb5e3a0 Exception <a 'sun/nio/fs/WindowsException'{0x00000000d5a95090}> (0x00000000d5a95090) 
thrown [s\src\hotspot\share\prims\jni.cpp, line 520]
Event: 264.763 Thread 0x000001636eb5e3a0 Exception <a 'sun/nio/fs/WindowsException'{0x00000000d5b1d1b0}> (0x00000000d5b1d1b0) 
thrown [s\src\hotspot\share\prims\jni.cpp, line 520]
Event: 264.819 Thread 0x000001636eb5e3a0 Exception <a 'sun/nio/fs/WindowsException'{0x00000000d5b66298}> (0x00000000d5b66298) 
thrown [s\src\hotspot\share\prims\jni.cpp, line 520]
Event: 264.819 Thread 0x000001636eb5e3a0 Exception <a 'sun/nio/fs/WindowsException'{0x00000000d5b66970}> (0x00000000d5b66970) 
thrown [s\src\hotspot\share\prims\jni.cpp, line 520]
Event: 264.820 Thread 0x000001636eb5e3a0 Exception <a 'sun/nio/fs/WindowsException'{0x00000000d5b67540}> (0x00000000d5b67540) 
thrown [s\src\hotspot\share\prims\jni.cpp, line 520]
Event: 264.821 Thread 0x000001636eb5e3a0 Exception <a 'sun/nio/fs/WindowsException'{0x00000000d5b67c18}> (0x00000000d5b67c18) 
thrown [s\src\hotspot\share\prims\jni.cpp, line 520]
Event: 267.636 Thread 0x0000016370e8b1b0 Exception <a 'sun/nio/fs/WindowsException'{0x00000000d57e5ca0}> (0x00000000d57e5ca0) 
thrown [s\src\hotspot\share\prims\jni.cpp, line 520]
Event: 549.191 Thread 0x0000016370c95120 Exception <a 'sun/nio/fs/WindowsException'{0x00000000d5733e38}> (0x00000000d5733e38) 
thrown [s\src\hotspot\share\prims\jni.cpp, line 520]
Event: 549.191 Thread 0x0000016370c95120 Exception <a 'sun/nio/fs/WindowsException'{0x00000000d5734a48}> (0x00000000d5734a48) 
thrown [s\src\hotspot\share\prims\jni.cpp, line 520]
Event: 549.193 Thread 0x0000016370c95120 Exception <a 'sun/nio/fs/WindowsException'{0x00000000d5736c58}> (0x00000000d5736c58) 
thrown [s\src\hotspot\share\prims\jni.cpp, line 520]
Event: 549.193 Thread 0x0000016370c95120 Exception <a 'sun/nio/fs/WindowsException'{0x00000000d5737848}> (0x00000000d5737848) 
thrown [s\src\hotspot\share\prims\jni.cpp, line 520]
Event: 549.197 Thread 0x0000016370c95120 Exception <a 'sun/nio/fs/WindowsException'{0x00000000d57690a8}> (0x00000000d57690a8) 
thrown [s\src\hotspot\share\prims\jni.cpp, line 520]
Event: 549.197 Thread 0x0000016370c95120 Exception <a 'sun/nio/fs/WindowsException'{0x00000000d5769f48}> (0x00000000d5769f48) 
thrown [s\src\hotspot\share\prims\jni.cpp, line 520]
Event: 549.199 Thread 0x0000016370c95120 Exception <a 'sun/nio/fs/WindowsException'{0x00000000d576d368}> (0x00000000d576d368) 
thrown [s\src\hotspot\share\prims\jni.cpp, line 520]
Event: 549.199 Thread 0x0000016370c95120 Exception <a 'sun/nio/fs/WindowsException'{0x00000000d576e180}> (0x00000000d576e180) 
thrown [s\src\hotspot\share\prims\jni.cpp, line 520]
Event: 549.200 Thread 0x0000016370c95120 Exception <a 'sun/nio/fs/WindowsException'{0x00000000d576fda0}> (0x00000000d576fda0) 
thrown [s\src\hotspot\share\prims\jni.cpp, line 520]
Event: 549.200 Thread 0x0000016370c95120 Exception <a 'sun/nio/fs/WindowsException'{0x00000000d5770c40}> (0x00000000d5770c40) 
thrown [s\src\hotspot\share\prims\jni.cpp, line 520]
Event: 549.251 Thread 0x0000016370c95120 Exception <a 'java/lang/NoSuchMethodError'{0x00000000d5591e08}: 'java.lang.Object java.lang.invoke.DirectMethodHandle$Holder.newInvokeSpecial(java.lang.Object, java.lang.Object, java.lang.Object, java.lang.Object, java.lang.Object, java.lang.Object, java.lang.Object, java.lang.Object)'> (0x00000000d5591e08) 
thrown [s\src\hotspot\share\interpreter\linkResolver.cpp, line 773]
Event: 1280.262 Thread 0x0000016370c95120 Implicit null exception at 0x000001631acfb124 to 0x000001631acfb9a0

ZGC Phase Switch (0 events):
No events

VM Operations (20 events):
Event: 23572.501 Executing VM operation: HandshakeAllThreads (HandshakeForDeflation)
Event: 23572.502 Executing VM operation: HandshakeAllThreads (HandshakeForDeflation) done
Event: 23572.502 Executing VM operation: RendezvousGCThreads
Event: 23572.502 Executing VM operation: RendezvousGCThreads done
Event: 23632.584 Executing VM operation: HandshakeAllThreads (HandshakeForDeflation)
Event: 23632.584 Executing VM operation: HandshakeAllThreads (HandshakeForDeflation) done
Event: 23632.585 Executing VM operation: RendezvousGCThreads
Event: 23632.585 Executing VM operation: RendezvousGCThreads done
Event: 23692.598 Executing VM operation: HandshakeAllThreads (HandshakeForDeflation)
Event: 23692.598 Executing VM operation: HandshakeAllThreads (HandshakeForDeflation) done
Event: 23692.598 Executing VM operation: RendezvousGCThreads
Event: 23692.598 Executing VM operation: RendezvousGCThreads done
Event: 23752.608 Executing VM operation: HandshakeAllThreads (HandshakeForDeflation)
Event: 23752.608 Executing VM operation: HandshakeAllThreads (HandshakeForDeflation) done
Event: 23752.608 Executing VM operation: RendezvousGCThreads
Event: 23752.608 Executing VM operation: RendezvousGCThreads done
Event: 23812.750 Executing VM operation: HandshakeAllThreads (HandshakeForDeflation)
Event: 23812.750 Executing VM operation: HandshakeAllThreads (HandshakeForDeflation) done
Event: 23812.750 Executing VM operation: RendezvousGCThreads
Event: 23812.750 Executing VM operation: RendezvousGCThreads done

Memory protections (0 events):
No events

Nmethod flushes (20 events):
Event: 238.936 Thread 0x000001630f810bf0 flushing  nmethod 0x00000163132d5190
Event: 238.936 Thread 0x000001630f810bf0 flushing  nmethod 0x00000163132d6710
Event: 238.936 Thread 0x000001630f810bf0 flushing  nmethod 0x00000163132d7410
Event: 238.936 Thread 0x000001630f810bf0 flushing  nmethod 0x00000163132daa10
Event: 238.936 Thread 0x000001630f810bf0 flushing  nmethod 0x00000163132e9490
Event: 238.936 Thread 0x000001630f810bf0 flushing  nmethod 0x00000163132e9910
Event: 238.936 Thread 0x000001630f810bf0 flushing  nmethod 0x00000163132f0090
Event: 238.936 Thread 0x000001630f810bf0 flushing  nmethod 0x00000163132f3790
Event: 238.936 Thread 0x000001630f810bf0 flushing  nmethod 0x00000163132f5910
Event: 238.936 Thread 0x000001630f810bf0 flushing  nmethod 0x00000163132f5f10
Event: 238.936 Thread 0x000001630f810bf0 flushing  nmethod 0x00000163132f6790
Event: 238.936 Thread 0x000001630f810bf0 flushing  nmethod 0x0000016313302190
Event: 238.936 Thread 0x000001630f810bf0 flushing  nmethod 0x0000016313303a10
Event: 238.936 Thread 0x000001630f810bf0 flushing  nmethod 0x0000016313307c10
Event: 238.936 Thread 0x000001630f810bf0 flushing  nmethod 0x0000016313315f90
Event: 238.936 Thread 0x000001630f810bf0 flushing  nmethod 0x0000016313324b10
Event: 238.936 Thread 0x000001630f810bf0 flushing  nmethod 0x0000016313327110
Event: 238.936 Thread 0x000001630f810bf0 flushing  nmethod 0x000001631333fa10
Event: 238.936 Thread 0x000001630f810bf0 flushing  nmethod 0x0000016313363b10
Event: 238.936 Thread 0x000001630f810bf0 flushing  nmethod 0x00000163133a4b90

Events (20 events):
Event: 563.127 Thread 0x0000016379f57030 Thread exited: 0x0000016379f57030
Event: 563.133 Thread 0x0000016379f54f60 Thread exited: 0x0000016379f54f60
Event: 563.136 Thread 0x0000016379f50dc0 Thread exited: 0x0000016379f50dc0
Event: 563.136 Thread 0x0000016379f51450 Thread exited: 0x0000016379f51450
Event: 563.136 Thread 0x0000016379f56310 Thread exited: 0x0000016379f56310
Event: 564.420 Thread 0x0000016370c97f10 Thread exited: 0x0000016370c97f10
Event: 567.665 Thread 0x0000016370c985a0 Thread exited: 0x0000016370c985a0
Event: 624.421 Thread 0x0000016370c98c30 Thread exited: 0x0000016370c98c30
Event: 627.668 Thread 0x0000016370e8d280 Thread exited: 0x0000016370e8d280
Event: 684.435 Thread 0x0000016370c97880 Thread exited: 0x0000016370c97880
Event: 687.671 Thread 0x0000016370e8b840 Thread exited: 0x0000016370e8b840
Event: 744.436 Thread 0x0000016370c9a670 Thread exited: 0x0000016370c9a670
Event: 747.672 Thread 0x0000016370e8ab20 Thread exited: 0x0000016370e8ab20
Event: 804.449 Thread 0x0000016370c992c0 Thread exited: 0x0000016370c992c0
Event: 807.684 Thread 0x0000016370e8c560 Thread exited: 0x0000016370e8c560
Event: 864.460 Thread 0x0000016370c9ba20 Thread exited: 0x0000016370c9ba20
Event: 867.696 Thread 0x0000016370e8f350 Thread exited: 0x0000016370e8f350
Event: 924.468 Thread 0x0000016370c9c740 Thread exited: 0x0000016370c9c740
Event: 927.714 Thread 0x0000016370e89770 Thread exited: 0x0000016370e89770
Event: 984.481 Thread 0x0000016370c9b390 Thread exited: 0x0000016370c9b390


Dynamic libraries:
0x00007ff67cef0000 - 0x00007ff67cefe000 	c:\Users\PC\.vscode\extensions\redhat.java-1.45.0-win32-x64\jre\21.0.8-win32-x86_64\bin\java.exe
0x00007ffa1b380000 - 0x00007ffa1b5e9000 	C:\WINDOWS\SYSTEM32\ntdll.dll
0x00007ffa1a5b0000 - 0x00007ffa1a679000 	C:\WINDOWS\System32\KERNEL32.DLL
0x00007ffa185a0000 - 0x00007ffa18993000 	C:\WINDOWS\System32\KERNELBASE.dll
0x00007ffa18ba0000 - 0x00007ffa18ceb000 	C:\WINDOWS\System32\ucrtbase.dll
0x00007ffa118a0000 - 0x00007ffa118b8000 	c:\Users\PC\.vscode\extensions\redhat.java-1.45.0-win32-x64\jre\21.0.8-win32-x86_64\bin\jli.dll
0x00007ffa19590000 - 0x00007ffa19754000 	C:\WINDOWS\System32\USER32.dll
0x00007ffa18a40000 - 0x00007ffa18a67000 	C:\WINDOWS\System32\win32u.dll
0x00007ffa194d0000 - 0x00007ffa194fb000 	C:\WINDOWS\System32\GDI32.dll
0x00007ffa18a70000 - 0x00007ffa18b9d000 	C:\WINDOWS\System32\gdi32full.dll
0x00007ffa18e60000 - 0x00007ffa18f03000 	C:\WINDOWS\System32\msvcp_win.dll
0x00007ff9de580000 - 0x00007ff9de59e000 	c:\Users\PC\.vscode\extensions\redhat.java-1.45.0-win32-x64\jre\21.0.8-win32-x86_64\bin\VCRUNTIME140.dll
0x00007ffa05fc0000 - 0x00007ffa06253000 	C:\WINDOWS\WinSxS\amd64_microsoft.windows.common-controls_6595b64144ccf1df_6.0.26100.5074_none_3e0d6f78e32fd63f\COMCTL32.dll
0x00007ffa19eb0000 - 0x00007ffa19f59000 	C:\WINDOWS\System32\msvcrt.dll
0x00007ffa1a680000 - 0x00007ffa1a6af000 	C:\WINDOWS\System32\IMM32.DLL
0x00007ffa129c0000 - 0x00007ffa129cc000 	c:\Users\PC\.vscode\extensions\redhat.java-1.45.0-win32-x64\jre\21.0.8-win32-x86_64\bin\vcruntime140_1.dll
0x00007ff9c5ff0000 - 0x00007ff9c607d000 	c:\Users\PC\.vscode\extensions\redhat.java-1.45.0-win32-x64\jre\21.0.8-win32-x86_64\bin\msvcp140.dll
0x00007ff984e60000 - 0x00007ff985bf7000 	c:\Users\PC\.vscode\extensions\redhat.java-1.45.0-win32-x64\jre\21.0.8-win32-x86_64\bin\server\jvm.dll
0x00007ffa1b180000 - 0x00007ffa1b234000 	C:\WINDOWS\System32\ADVAPI32.dll
0x00007ffa19150000 - 0x00007ffa191f6000 	C:\WINDOWS\System32\sechost.dll
0x00007ffa1b010000 - 0x00007ffa1b128000 	C:\WINDOWS\System32\RPCRT4.dll
0x00007ffa19f60000 - 0x00007ffa19fd4000 	C:\WINDOWS\System32\WS2_32.dll
0x00007ffa18370000 - 0x00007ffa183ce000 	C:\WINDOWS\SYSTEM32\POWRPROF.dll
0x00007ffa067d0000 - 0x00007ffa06805000 	C:\WINDOWS\SYSTEM32\WINMM.dll
0x00007ffa11bf0000 - 0x00007ffa11bfb000 	C:\WINDOWS\SYSTEM32\VERSION.dll
0x00007ffa18350000 - 0x00007ffa18364000 	C:\WINDOWS\SYSTEM32\UMPDC.dll
0x00007ffa172f0000 - 0x00007ffa1730b000 	C:\WINDOWS\SYSTEM32\kernel.appcore.dll
0x00007ffa128d0000 - 0x00007ffa128da000 	c:\Users\PC\.vscode\extensions\redhat.java-1.45.0-win32-x64\jre\21.0.8-win32-x86_64\bin\jimage.dll
0x00007ffa06580000 - 0x00007ffa067c2000 	C:\WINDOWS\SYSTEM32\DBGHELP.DLL
0x00007ffa1a220000 - 0x00007ffa1a59b000 	C:\WINDOWS\System32\combase.dll
0x00007ffa19760000 - 0x00007ffa19837000 	C:\WINDOWS\System32\OLEAUT32.dll
0x00007ffa032e0000 - 0x00007ffa0331d000 	C:\WINDOWS\SYSTEM32\dbgcore.DLL
0x00007ffa189a0000 - 0x00007ffa18a39000 	C:\WINDOWS\System32\bcryptPrimitives.dll
0x00007ffa11800000 - 0x00007ffa1180f000 	c:\Users\PC\.vscode\extensions\redhat.java-1.45.0-win32-x64\jre\21.0.8-win32-x86_64\bin\instrument.dll
0x00007ff9de560000 - 0x00007ff9de57f000 	c:\Users\PC\.vscode\extensions\redhat.java-1.45.0-win32-x64\jre\21.0.8-win32-x86_64\bin\java.dll
0x00007ffa1a8c0000 - 0x00007ffa1b00d000 	C:\WINDOWS\System32\SHELL32.dll
0x00007ffa18cf0000 - 0x00007ffa18e5c000 	C:\WINDOWS\System32\wintypes.dll
0x00007ffa161b0000 - 0x00007ffa16a09000 	C:\WINDOWS\SYSTEM32\windows.storage.dll
0x00007ffa193d0000 - 0x00007ffa194c0000 	C:\WINDOWS\System32\SHCORE.dll
0x00007ffa19360000 - 0x00007ffa193c2000 	C:\WINDOWS\System32\shlwapi.dll
0x00007ffa18430000 - 0x00007ffa18459000 	C:\WINDOWS\SYSTEM32\profapi.dll
0x00007ff9de520000 - 0x00007ff9de538000 	c:\Users\PC\.vscode\extensions\redhat.java-1.45.0-win32-x64\jre\21.0.8-win32-x86_64\bin\zip.dll
0x00007ffa12800000 - 0x00007ffa12810000 	C:\Users\PC\.vscode\extensions\redhat.java-1.45.0-win32-x64\jre\21.0.8-win32-x86_64\bin\net.dll
0x00007ffa119f0000 - 0x00007ffa11b0f000 	C:\WINDOWS\SYSTEM32\WINHTTP.dll
0x00007ffa17870000 - 0x00007ffa178db000 	C:\WINDOWS\system32\mswsock.dll
0x00007ff9de500000 - 0x00007ff9de516000 	C:\Users\PC\.vscode\extensions\redhat.java-1.45.0-win32-x64\jre\21.0.8-win32-x86_64\bin\nio.dll
0x00007ffa117e0000 - 0x00007ffa117f0000 	c:\Users\PC\.vscode\extensions\redhat.java-1.45.0-win32-x64\jre\21.0.8-win32-x86_64\bin\verify.dll
0x00007ff9c60e0000 - 0x00007ff9c6124000 	C:\Users\PC\AppData\Roaming\Code\User\globalStorage\redhat.java\1.45.0\config_win\org.eclipse.equinox.launcher\org.eclipse.equinox.launcher.win32.win32.x86_64_1.2.1400.v20250801-0854\eclipse_11916.dll
0x00007ffa19fe0000 - 0x00007ffa1a178000 	C:\WINDOWS\System32\ole32.dll
0x00007ffa17b10000 - 0x00007ffa17b2b000 	C:\WINDOWS\SYSTEM32\CRYPTSP.dll
0x00007ffa17250000 - 0x00007ffa1728b000 	C:\WINDOWS\system32\rsaenh.dll
0x00007ffa17910000 - 0x00007ffa1793b000 	C:\WINDOWS\SYSTEM32\USERENV.dll
0x00007ffa18400000 - 0x00007ffa18426000 	C:\WINDOWS\SYSTEM32\bcrypt.dll
0x00007ffa17b30000 - 0x00007ffa17b3c000 	C:\WINDOWS\SYSTEM32\CRYPTBASE.dll
0x00007ffa16d10000 - 0x00007ffa16d44000 	C:\WINDOWS\SYSTEM32\IPHLPAPI.DLL
0x00007ffa1b140000 - 0x00007ffa1b14a000 	C:\WINDOWS\System32\NSI.dll
0x00007ff9b6de0000 - 0x00007ff9b6e29000 	C:\Users\PC\AppData\Local\Temp\jna-2547\jna10819661633399396161.dll
0x00007ffa1a7e0000 - 0x00007ffa1a7e8000 	C:\WINDOWS\System32\PSAPI.DLL
0x00007ffa11c00000 - 0x00007ffa11c1e000 	C:\WINDOWS\SYSTEM32\dhcpcsvc6.DLL
0x00007ffa11410000 - 0x00007ffa11433000 	C:\WINDOWS\SYSTEM32\dhcpcsvc.DLL
0x00007ffa11790000 - 0x00007ffa1179e000 	C:\Users\PC\.vscode\extensions\redhat.java-1.45.0-win32-x64\jre\21.0.8-win32-x86_64\bin\sunmscapi.dll
0x00007ffa18fd0000 - 0x00007ffa19147000 	C:\WINDOWS\System32\CRYPT32.dll
0x00007ffa17d30000 - 0x00007ffa17d60000 	C:\WINDOWS\SYSTEM32\ncrypt.dll
0x00007ffa17ce0000 - 0x00007ffa17d1f000 	C:\WINDOWS\SYSTEM32\NTASN1.dll
0x00007ffa16d50000 - 0x00007ffa16e76000 	C:\WINDOWS\SYSTEM32\DNSAPI.dll
0x00007ffa0fa80000 - 0x00007ffa0fa8b000 	C:\Windows\System32\rasadhlp.dll
0x00007ffa107f0000 - 0x00007ffa10876000 	C:\WINDOWS\System32\fwpuclnt.dll
0x00007ffa117f0000 - 0x00007ffa117f9000 	C:\Users\PC\.vscode\extensions\redhat.java-1.45.0-win32-x64\jre\21.0.8-win32-x86_64\bin\extnet.dll
0x00007ff9cc8e0000 - 0x00007ff9cc907000 	C:\Users\PC\.gradle\native\1def1411415f61bf3af743bc5b6707747c0891f09f0c88961ee8f79bc544acac\windows-amd64\native-platform.dll
0x00007ffa11890000 - 0x00007ffa1189a000 	C:\Users\PC\.vscode\extensions\redhat.java-1.45.0-win32-x64\jre\21.0.8-win32-x86_64\bin\management.dll
0x00007ffa11770000 - 0x00007ffa1177b000 	C:\Users\PC\.vscode\extensions\redhat.java-1.45.0-win32-x64\jre\21.0.8-win32-x86_64\bin\management_ext.dll

JVMTI agents:
c:\Users\PC\.vscode\extensions\redhat.java-1.45.0-win32-x64\lombok\lombok-1.18.39-4050.jar path:c:\Users\PC\.vscode\extensions\redhat.java-1.45.0-win32-x64\jre\21.0.8-win32-x86_64\bin\instrument.dll, loaded, initialized, instrumentlib options:none

dbghelp: loaded successfully - version: 4.0.5 - missing functions: none
symbol engine: initialized successfully - sym options: 0x614 - pdb path: .;c:\Users\PC\.vscode\extensions\redhat.java-1.45.0-win32-x64\jre\21.0.8-win32-x86_64\bin;C:\WINDOWS\SYSTEM32;C:\WINDOWS\WinSxS\amd64_microsoft.windows.common-controls_6595b64144ccf1df_6.0.26100.5074_none_3e0d6f78e32fd63f;c:\Users\PC\.vscode\extensions\redhat.java-1.45.0-win32-x64\jre\21.0.8-win32-x86_64\bin\server;C:\Users\PC\AppData\Roaming\Code\User\globalStorage\redhat.java\1.45.0\config_win\org.eclipse.equinox.launcher\org.eclipse.equinox.launcher.win32.win32.x86_64_1.2.1400.v20250801-0854;C:\Users\PC\AppData\Local\Temp\jna-2547;C:\Users\PC\.gradle\native\1def1411415f61bf3af743bc5b6707747c0891f09f0c88961ee8f79bc544acac\windows-amd64

VM Arguments:
jvm_args: --add-modules=ALL-SYSTEM --add-opens=java.base/java.util=ALL-UNNAMED --add-opens=java.base/java.lang=ALL-UNNAMED --add-opens=java.base/sun.nio.fs=ALL-UNNAMED -Declipse.application=org.eclipse.jdt.ls.core.id1 -Dosgi.bundles.defaultStartLevel=4 -Declipse.product=org.eclipse.jdt.ls.core.product -Djava.import.generatesMetadataFilesAtProjectRoot=false -DDetectVMInstallationsJob.disabled=true -Dfile.encoding=utf8 -XX:+UseParallelGC -XX:GCTimeRatio=4 -XX:AdaptiveSizePolicyWeight=90 -Dsun.zip.disableMemoryMapping=true -Xmx2G -Xms100m -Xlog:disable -javaagent:c:\Users\PC\.vscode\extensions\redhat.java-1.45.0-win32-x64\lombok\lombok-1.18.39-4050.jar -XX:+HeapDumpOnOutOfMemoryError -XX:HeapDumpPath=c:\Users\PC\AppData\Roaming\Code\User\workspaceStorage\b78328b49dd4e735ccc6b2c0fd51a2ef\redhat.java -Daether.dependencyCollector.impl=bf 
java_command: c:\Users\PC\.vscode\extensions\redhat.java-1.45.0-win32-x64\server\plugins\org.eclipse.equinox.launcher_1.7.0.v20250519-0528.jar -configuration c:\Users\PC\AppData\Roaming\Code\User\globalStorage\redhat.java\1.45.0\config_win -data c:\Users\PC\AppData\Roaming\Code\User\workspaceStorage\b78328b49dd4e735ccc6b2c0fd51a2ef\redhat.java\jdt_ws --pipe=\\.\pipe\lsp-0caa3727356b984c4d27bc45f3a5115e-sock
java_class_path (initial): c:\Users\PC\.vscode\extensions\redhat.java-1.45.0-win32-x64\server\plugins\org.eclipse.equinox.launcher_1.7.0.v20250519-0528.jar
Launcher Type: SUN_STANDARD

[Global flags]
    uintx AdaptiveSizePolicyWeight                 = 90                                        {product} {command line}
     intx CICompilerCount                          = 4                                         {product} {ergonomic}
    uintx GCTimeRatio                              = 4                                         {product} {command line}
     bool HeapDumpOnOutOfMemoryError               = true                                   {manageable} {command line}
    ccstr HeapDumpPath                             = c:\Users\PC\AppData\Roaming\Code\User\workspaceStorage\b78328b49dd4e735ccc6b2c0fd51a2ef\redhat.java         {manageable} {command line}
   size_t InitialHeapSize                          = 104857600                                 {product} {command line}
   size_t MaxHeapSize                              = 2147483648                                {product} {command line}
   size_t MaxNewSize                               = 715653120                                 {product} {ergonomic}
   size_t MinHeapDeltaBytes                        = 524288                                    {product} {ergonomic}
   size_t MinHeapSize                              = 104857600                                 {product} {command line}
   size_t NewSize                                  = 34603008                                  {product} {ergonomic}
    uintx NonNMethodCodeHeapSize                   = 5839372                                {pd product} {ergonomic}
    uintx NonProfiledCodeHeapSize                  = 122909434                              {pd product} {ergonomic}
   size_t OldSize                                  = 70254592                                  {product} {ergonomic}
    uintx ProfiledCodeHeapSize                     = 122909434                              {pd product} {ergonomic}
    uintx ReservedCodeCacheSize                    = 251658240                              {pd product} {ergonomic}
     bool SegmentedCodeCache                       = true                                      {product} {ergonomic}
   size_t SoftMaxHeapSize                          = 2147483648                             {manageable} {ergonomic}
     bool UseCompressedOops                        = true                           {product lp64_product} {ergonomic}
     bool UseLargePagesIndividualAllocation        = false                                  {pd product} {ergonomic}
     bool UseParallelGC                            = true                                      {product} {command line}

Logging:
Log output configuration:
 #0: stdout all=off uptime,level,tags foldmultilines=false
 #1: stderr all=off uptime,level,tags foldmultilines=false

Environment Variables:
JAVA_HOME=C:\Program Files\Microsoft\jdk-17.0.14.7-hotspot\
PATH=C:\Program Files\Microsoft\jdk-17.0.14.7-hotspot\bin;C:\Program Files (x86)\VMware\VMware Workstation\bin\;C:\Program Files\Common Files\Oracle\Java\javapath;C:\Program Files (x86)\Common Files\Oracle\Java\javapath;C:\Program Files (x86)\Razer\ChromaBroadcast\bin;C:\Program Files\Razer\ChromaBroadcast\bin;C:\Windows\system32;C:\Windows;C:\Windows\System32\Wbem;C:\Windows\System32\WindowsPowerShell\v1.0\;C:\Windows\System32\OpenSSH\;C:\Program Files (x86)\NVIDIA Corporation\PhysX\Common;C:\Program Files\NVIDIA Corporation\NVIDIA NvDLISR;C:\WINDOWS\system32;C:\WINDOWS;C:\WINDOWS\System32\Wbem;C:\WINDOWS\System32\WindowsPowerShell\v1.0\;C:\WINDOWS\System32\OpenSSH\;C:\Users\PC\AppData\Local\Microsoft\WindowsApps;C:\Users\PC\AppData\Roaming\npm;C:\Users\PC\AppData\Local\Programs\Microsoft VS Code\bin;C:\mingw64\bin;C:\Program Files\Microsoft SQL Server\110\Tools\Binn\;C:\Program Files (x86)\Microsoft SQL Server\110\Tools\Binn\;C:\Program Files\Microsoft SQL Server\110\DTS\Binn\;C:\Program Files (x86)\Microsoft SQL Server\110\Tools\Binn\ManagementStudio\;C:\Program Files (x86)\Microsoft Visual Studio 10.0\Common7\IDE\PrivateAssemblies\;C:\Program Files (x86)\Microsoft SQL Server\110\DTS\Binn\;C:\WINDOWS\system32;C:\WINDOWS;C:\WINDOWS\System32\Wbem;C:\WINDOWS\System32\WindowsPowerShell\v1.0\;C:\WINDOWS\System32\OpenSSH\;C:\Program Files\Java\jdk-20\bin;C:\Program Files\Microsoft SQL Server\150\Tools\Binn\;C:\Program Files\Microsoft SQL Server\Client SDK\ODBC\170\Tools\Binn\;C:\Program Files\dotnet\;C:\Program Files (x86)\Microsoft SQL Server\160\Tools\Binn\;C:\Program Files\Microsoft SQL Server\160\Tools\Binn\;C:\Program Files\Microsoft SQL Server\160\DTS\Binn\;C:\Program Files (x86)\Microsoft SQL Server\160\DTS\Binn\;C:\Program Files\Azure Data Studio\bin;C:\Users\PC\AppData\Local\Programs\Python\Python312\Scripts;C:\Users\PC\AppData\Local\Programs\Python\Python311\Scripts;c:\Program Files (x86)\Microsoft SQL Server\100\Tools\Binn\;c:\Program Files (x86)\Microsoft SQL Server\100\DTS\Binn\;C:\Program Files\Git\cmd;C:\Program Files\nodejs\;C:\ProgramData\chocolatey\bin;C:\Users\PC\AppData\Local\Programs\Python\Python310\Scripts\;C:\Users\PC\AppData\Local\Programs\Python\Python310\;C:\Users\PC\AppData\Local\Android\Sdk\emulator;C:\Users\PC\AppData\Local\Programs\Microsoft VS Code\bin
USERNAME=PC
OS=Windows_NT
PROCESSOR_IDENTIFIER=Intel64 Family 6 Model 165 Stepping 2, GenuineIntel
TMP=C:\Users\PC\AppData\Local\Temp
TEMP=C:\Users\PC\AppData\Local\Temp




Periodic native trim disabled

---------------  S Y S T E M  ---------------

OS:
 Windows 11 , 64 bit Build 26100 (10.0.26100.5074)
OS uptime: 2 days 2:58 hours

CPU: total 12 (initial active 12) (6 cores per cpu, 2 threads per core) family 6 model 165 stepping 2 microcode 0xe2, cx8, cmov, fxsr, ht, mmx, 3dnowpref, sse, sse2, sse3, ssse3, sse4.1, sse4.2, popcnt, lzcnt, tsc, tscinvbit, avx, avx2, aes, erms, clmul, bmi1, bmi2, adx, fma, vzeroupper, clflush, clflushopt, rdtscp, f16c, pku
Processor Information for the first 12 processors :
  Max Mhz: 2592, Current Mhz: 2592, Mhz Limit: 2592

Memory: 4k page, system-wide physical 8013M (392M free)
TotalPageFile size 32589M (AvailPageFile size 48M)
current process WorkingSet (physical memory assigned to process): 19M, peak: 351M
current process commit charge ("private bytes"): 452M, peak: 513M

vm_info: OpenJDK 64-Bit Server VM (21.0.8+9-LTS) for windows-amd64 JRE (21.0.8+9-LTS), built on 2025-07-15T00:00:00Z by "admin" with MS VC++ 17.7 (VS2022)

END.
